<?xml version="1.0" encoding="UTF-8"?>
<!-- Generated by org.testng.reporters.JUnitXMLReporter -->
<testsuite ignored="0" hostname="PRATYUSH" failures="0" tests="5" name="Test" time="27.842" errors="0" timestamp="2023-02-07T14:26:20 IST">
  <testcase classname="testCases.TC_LoginDataDrivenTest" name="test_LoginDDT" time="1.128"/>
  <testcase classname="testCases.TC_LoginDataDrivenTest" name="test_LoginDDT" time="10.437"/>
  <testcase classname="testCases.TC_LoginDataDrivenTest" name="test_LoginDDT" time="10.471"/>
  <testcase classname="testCases.TC_LoginDataDrivenTest" name="test_LoginDDT" time="1.065"/>
  <testcase classname="testCases.TC_LoginDataDrivenTest" name="test_LoginDDT" time="0.969"/>
</testsuite> <!-- Test -->
