<?xml version="1.0" encoding="UTF-8"?>
<!-- Generated by org.testng.reporters.JUnitXMLReporter -->
<testsuite ignored="0" hostname="PRATYUSH" failures="0" tests="7" name="Test" time="33.674" errors="0" timestamp="2023-02-08T14:02:40 IST">
  <testcase classname="testCases.TC_001_AccountRegistrationTest" name="test_account_Registration" time="2.757"/>
  <testcase classname="testCases.TC_002_LoginTest" name="test_Login" time="0.822"/>
  <testcase classname="testCases.TC_LoginDataDrivenTest" name="test_LoginDDT" time="1.032"/>
  <testcase classname="testCases.TC_LoginDataDrivenTest" name="test_LoginDDT" time="10.484"/>
  <testcase classname="testCases.TC_LoginDataDrivenTest" name="test_LoginDDT" time="10.485"/>
  <testcase classname="testCases.TC_LoginDataDrivenTest" name="test_LoginDDT" time="0.944"/>
  <testcase classname="testCases.TC_LoginDataDrivenTest" name="test_LoginDDT" time="0.968"/>
</testsuite> <!-- Test -->
