<?xml version="1.0" encoding="UTF-8"?>
<!-- Generated by org.testng.reporters.JUnitXMLReporter -->
<testsuite ignored="0" hostname="PRATYUSH" failures="0" tests="5" name="Test" time="32.78" errors="0" timestamp="2023-02-07T13:20:30 IST">
  <testcase classname="testCases.TC_LoginDataDrivenTest" name="test_LoginDDT" time="1.95"/>
  <testcase classname="testCases.TC_LoginDataDrivenTest" name="test_LoginDDT" time="11.058"/>
  <testcase classname="testCases.TC_LoginDataDrivenTest" name="test_LoginDDT" time="10.794"/>
  <testcase classname="testCases.TC_LoginDataDrivenTest" name="test_LoginDDT" time="1.531"/>
  <testcase classname="testCases.TC_LoginDataDrivenTest" name="test_LoginDDT" time="1.7"/>
</testsuite> <!-- Test -->
